app/build/intermediates/manifest_merge_blame_file/debug/manifest-merger-blame-debug-report.txt
1<?xml version="1.0" encoding="utf-8"?>
2<manifest xmlns:android="http://schemas.android.com/apk/res/android"
3    package="com.example.sepen"
4    android:versionCode="1"
5    android:versionName="1.0" >
6
7    <uses-sdk
8        android:minSdkVersion="19"
8-->src/main/AndroidManifest.xml
9        android:targetSdkVersion="29" />
9-->src/main/AndroidManifest.xml
10
11    <uses-permission android:name="android.permission.INTERNET" />
11-->src/main/AndroidManifest.xml:6:5-67
11-->src/main/AndroidManifest.xml:6:22-64
12
13    <application
13-->src/main/AndroidManifest.xml:8:5-28:19
14        android:allowBackup="true"
14-->src/main/AndroidManifest.xml:9:9-35
15        android:appComponentFactory="androidx.core.app.CoreComponentFactory"
15-->[androidx.core:core:1.1.0] AndroidManifest.xml:24:18-86
16        android:debuggable="true"
17        android:icon="@mipmap/ic_launcher"
17-->src/main/AndroidManifest.xml:10:9-43
18        android:label="@string/app_name"
18-->src/main/AndroidManifest.xml:11:9-41
19        android:roundIcon="@mipmap/ic_launcher_round"
19-->src/main/AndroidManifest.xml:12:9-54
20        android:supportsRtl="true"
20-->src/main/AndroidManifest.xml:13:9-35
21        android:testOnly="true"
22        android:theme="@style/AppTheme"
22-->src/main/AndroidManifest.xml:14:9-40
23        android:usesCleartextTraffic="true" >
23-->src/main/AndroidManifest.xml:15:9-44
24        <activity android:name="com.example.sepen.main.MainActivity" />
24-->src/main/AndroidManifest.xml:18:9-54
24-->src/main/AndroidManifest.xml:18:19-52
25        <activity android:name="com.example.sepen.data_penduduk" />
25-->src/main/AndroidManifest.xml:19:9-51
25-->src/main/AndroidManifest.xml:19:19-48
26        <activity android:name="com.example.sepen.editor.inputPenduduk" />
26-->src/main/AndroidManifest.xml:20:9-58
26-->src/main/AndroidManifest.xml:20:19-55
27        <activity android:name="com.example.sepen.login_user" >
27-->src/main/AndroidManifest.xml:21:9-27:20
27-->src/main/AndroidManifest.xml:21:19-45
28            <intent-filter>
28-->src/main/AndroidManifest.xml:22:13-26:29
29                <action android:name="android.intent.action.MAIN" />
29-->src/main/AndroidManifest.xml:23:17-69
29-->src/main/AndroidManifest.xml:23:25-66
30
31                <category android:name="android.intent.category.LAUNCHER" />
31-->src/main/AndroidManifest.xml:25:17-77
31-->src/main/AndroidManifest.xml:25:27-74
32            </intent-filter>
33        </activity>
34    </application>
35
36</manifest>